Build started 16/09/2018 03:25:38 م.
     1>Project "C:\Users\Asus\Desktop\All\games\vs 2012 projects\the final project\the final project\the final project.vcxproj" on node 2 (Build target(s)).
     1>ClCompile:
         C:\Program Files (x86)\Microsoft Visual Studio 12.0\VC\bin\CL.exe /c /ZI /nologo /W3 /WX- /Od /Oy- /D WIN32 /D _DEBUG /D _CONSOLE /D _UNICODE /D UNICODE /Gm /EHsc /RTC1 /MDd /GS /fp:precise /Zc:wchar_t /Zc:forScope /Fo"Debug\\" /Fd"Debug\vc120.pdb" /Gd /TP /analyze- /errorReport:prompt Source.cpp
         Source.cpp
     1>c:\users\asus\desktop\all\games\vs 2012 projects\the final project\the final project\source.cpp(15): warning C4018: '<' : signed/unsigned mismatch
     1>c:\users\asus\desktop\all\games\vs 2012 projects\the final project\the final project\source.cpp(23): warning C4018: '<' : signed/unsigned mismatch
     1>c:\users\asus\desktop\all\games\vs 2012 projects\the final project\the final project\source.cpp(40): warning C4018: '<' : signed/unsigned mismatch
     1>c:\users\asus\desktop\all\games\vs 2012 projects\the final project\the final project\source.cpp(42): warning C4244: '=' : conversion from 'int' to 'float', possible loss of data
     1>c:\users\asus\desktop\all\games\vs 2012 projects\the final project\the final project\source.cpp(702): warning C4018: '<' : signed/unsigned mismatch
     1>c:\users\asus\desktop\all\games\vs 2012 projects\the final project\the final project\source.cpp(706): warning C4244: '+=' : conversion from 'double' to 'unsigned long', possible loss of data
     1>c:\users\asus\desktop\all\games\vs 2012 projects\the final project\the final project\source.cpp(710): warning C4244: '+=' : conversion from 'double' to 'unsigned long', possible loss of data
     1>c:\users\asus\desktop\all\games\vs 2012 projects\the final project\the final project\source.cpp(714): warning C4244: '+=' : conversion from 'double' to 'unsigned long', possible loss of data
     1>c:\users\asus\desktop\all\games\vs 2012 projects\the final project\the final project\source.cpp(701): warning C4101: 'base' : unreferenced local variable
     1>c:\users\asus\desktop\all\games\vs 2012 projects\the final project\the final project\source.cpp(1060): warning C4101: 'ch' : unreferenced local variable
     1>c:\users\asus\desktop\all\games\vs 2012 projects\the final project\the final project\source.cpp(1194): warning C4101: 'ch' : unreferenced local variable
     1>c:\users\asus\desktop\all\games\vs 2012 projects\the final project\the final project\source.cpp(1264): warning C4101: 'r_polar_form' : unreferenced local variable
     1>c:\users\asus\desktop\all\games\vs 2012 projects\the final project\the final project\source.cpp(1377): warning C4700: uninitialized local variable 'R2' used
       Link:
         C:\Program Files (x86)\Microsoft Visual Studio 12.0\VC\bin\link.exe /ERRORREPORT:PROMPT /OUT:"C:\Users\Asus\Desktop\All\games\vs 2012 projects\the final project\Debug\the final project.exe" /INCREMENTAL /NOLOGO kernel32.lib user32.lib gdi32.lib winspool.lib comdlg32.lib advapi32.lib shell32.lib ole32.lib oleaut32.lib uuid.lib odbc32.lib odbccp32.lib /MANIFEST /MANIFESTUAC:"level='asInvoker' uiAccess='false'" /manifest:embed /DEBUG /PDB:"C:\Users\Asus\Desktop\All\games\vs 2012 projects\the final project\Debug\the final project.pdb" /SUBSYSTEM:CONSOLE /TLBID:1 /DYNAMICBASE /NXCOMPAT /IMPLIB:"C:\Users\Asus\Desktop\All\games\vs 2012 projects\the final project\Debug\the final project.lib" /MACHINE:X86 Debug\Source.obj
         the final project.vcxproj -> C:\Users\Asus\Desktop\All\games\vs 2012 projects\the final project\Debug\the final project.exe
     1>Done Building Project "C:\Users\Asus\Desktop\All\games\vs 2012 projects\the final project\the final project\the final project.vcxproj" (Build target(s)).

Build succeeded.

Time Elapsed 00:00:05.51
